<?xml version="1.0" encoding="UTF-8"?>
<!-- Generated by org.testng.reporters.JUnitReportReporter -->
<testsuite hostname="DESKTOP-5D7I77E" failures="0" tests="2" name="runners.RunCuke" time="11.754" errors="0" timestamp="2021-08-01T19:30:20 NZST" skipped="0">
  <testcase classname="runners.RunCuke" name="runScenario" time="3.749"/>
  <system-out/>
  <testcase classname="runners.RunCuke" name="runScenario" time="8.005"/>
  <system-out/>
</testsuite> <!-- runners.RunCuke -->
